b:\game3111_assignment2-main (3) - copy\game3111_assignment2-main\a2_hardik(101249099)\x64\debug\vc142.pdb
b:\game3111_assignment2-main (3) - copy\game3111_assignment2-main\a2_hardik(101249099)\x64\debug\vc142.idb
b:\game3111_assignment2-main (3) - copy\game3111_assignment2-main\a2_hardik(101249099)\x64\debug\waves.obj
b:\game3111_assignment2-main (3) - copy\game3111_assignment2-main\a2_hardik(101249099)\x64\debug\frameresource.obj
b:\game3111_assignment2-main (3) - copy\game3111_assignment2-main\a2_hardik(101249099)\x64\debug\a2_hardik.obj
b:\game3111_assignment2-main (3) - copy\game3111_assignment2-main\a2_hardik(101249099)\x64\debug\mathhelper.obj
b:\game3111_assignment2-main (3) - copy\game3111_assignment2-main\a2_hardik(101249099)\x64\debug\geometrygenerator.obj
b:\game3111_assignment2-main (3) - copy\game3111_assignment2-main\a2_hardik(101249099)\x64\debug\gametimer.obj
b:\game3111_assignment2-main (3) - copy\game3111_assignment2-main\a2_hardik(101249099)\x64\debug\ddstextureloader.obj
b:\game3111_assignment2-main (3) - copy\game3111_assignment2-main\a2_hardik(101249099)\x64\debug\d3dutil.obj
b:\game3111_assignment2-main (3) - copy\game3111_assignment2-main\a2_hardik(101249099)\x64\debug\d3dapp.obj
b:\game3111_assignment2-main (3) - copy\game3111_assignment2-main\a2_hardik(101249099)\x64\debug\camera.obj
b:\game3111_assignment2-main (3) - copy\game3111_assignment2-main\a2_hardik(101249099)\x64\debug\a2_hardik(101249099).exe
b:\game3111_assignment2-main (3) - copy\game3111_assignment2-main\a2_hardik(101249099)\x64\debug\a2_hardik(101249099).ilk
b:\game3111_assignment2-main (3) - copy\game3111_assignment2-main\a2_hardik(101249099)\x64\debug\a2_hardik(101249099).pdb
b:\game3111_assignment2-main (3) - copy\game3111_assignment2-main\a2_hardik(101249099)\x64\debug\a2_hardi.2dfba4d5.tlog\cl.command.1.tlog
b:\game3111_assignment2-main (3) - copy\game3111_assignment2-main\a2_hardik(101249099)\x64\debug\a2_hardi.2dfba4d5.tlog\cl.read.1.tlog
b:\game3111_assignment2-main (3) - copy\game3111_assignment2-main\a2_hardik(101249099)\x64\debug\a2_hardi.2dfba4d5.tlog\cl.write.1.tlog
b:\game3111_assignment2-main (3) - copy\game3111_assignment2-main\a2_hardik(101249099)\x64\debug\a2_hardi.2dfba4d5.tlog\link.command.1.tlog
b:\game3111_assignment2-main (3) - copy\game3111_assignment2-main\a2_hardik(101249099)\x64\debug\a2_hardi.2dfba4d5.tlog\link.read.1.tlog
b:\game3111_assignment2-main (3) - copy\game3111_assignment2-main\a2_hardik(101249099)\x64\debug\a2_hardi.2dfba4d5.tlog\link.write.1.tlog
