h:\game3111_a1_hardik\assignment1_hardik\assignment1_hardik\x64\debug\vc142.pdb
h:\game3111_a1_hardik\assignment1_hardik\assignment1_hardik\x64\debug\vc142.idb
h:\game3111_a1_hardik\assignment1_hardik\assignment1_hardik\x64\debug\week4-2-shapeappsusingrootdescriptor.obj
h:\game3111_a1_hardik\assignment1_hardik\assignment1_hardik\x64\debug\week4-1-shapesappusingdescriptortable.obj
h:\game3111_a1_hardik\assignment1_hardik\assignment1_hardik\x64\debug\frameresource.obj
h:\game3111_a1_hardik\assignment1_hardik\assignment1_hardik\x64\debug\mathhelper.obj
h:\game3111_a1_hardik\assignment1_hardik\assignment1_hardik\x64\debug\geometrygenerator.obj
h:\game3111_a1_hardik\assignment1_hardik\assignment1_hardik\x64\debug\gametimer.obj
h:\game3111_a1_hardik\assignment1_hardik\assignment1_hardik\x64\debug\ddstextureloader.obj
h:\game3111_a1_hardik\assignment1_hardik\assignment1_hardik\x64\debug\d3dutil.obj
h:\game3111_a1_hardik\assignment1_hardik\assignment1_hardik\x64\debug\d3dapp.obj
h:\game3111_a1_hardik\assignment1_hardik\assignment1_hardik\x64\debug\camera.obj
h:\game3111_a1_hardik\assignment1_hardik\x64\debug\assignment1_hardik.ilk
h:\game3111_a1_hardik\assignment1_hardik\x64\debug\assignment1_hardik.exe
h:\game3111_a1_hardik\assignment1_hardik\x64\debug\assignment1_hardik.pdb
h:\game3111_advanced graphics programming\game3111_a1_hardik\assignment1_hardik\assignment1_hardik\x64\debug\camera.obj
h:\game3111_advanced graphics programming\game3111_a1_hardik\assignment1_hardik\assignment1_hardik\x64\debug\d3dapp.obj
h:\game3111_advanced graphics programming\game3111_a1_hardik\assignment1_hardik\assignment1_hardik\x64\debug\d3dutil.obj
h:\game3111_advanced graphics programming\game3111_a1_hardik\assignment1_hardik\assignment1_hardik\x64\debug\ddstextureloader.obj
h:\game3111_advanced graphics programming\game3111_a1_hardik\assignment1_hardik\assignment1_hardik\x64\debug\frameresource.obj
h:\game3111_advanced graphics programming\game3111_a1_hardik\assignment1_hardik\assignment1_hardik\x64\debug\gametimer.obj
h:\game3111_advanced graphics programming\game3111_a1_hardik\assignment1_hardik\assignment1_hardik\x64\debug\geometrygenerator.obj
h:\game3111_advanced graphics programming\game3111_a1_hardik\assignment1_hardik\assignment1_hardik\x64\debug\mathhelper.obj
h:\game3111_advanced graphics programming\game3111_a1_hardik\assignment1_hardik\assignment1_hardik\x64\debug\week4-1-shapesappusingdescriptortable.obj
h:\game3111_advanced graphics programming\game3111_a1_hardik\assignment1_hardik\assignment1_hardik\x64\debug\week4-2-shapeappsusingrootdescriptor.obj
h:\game3111_advanced graphics programming\game3111_a1_hardik\assignment1_hardik\assignment1_hardik\x64\debug\vc142.idb
h:\game3111_advanced graphics programming\game3111_a1_hardik\assignment1_hardik\assignment1_hardik\x64\debug\vc142.pdb
h:\game3111_advanced graphics programming\game3111_a1_hardik\assignment1_hardik\x64\debug\assignment1_hardik.pdb
h:\game3111_advanced graphics programming\game3111_a1_hardik\assignment1_hardik\x64\debug\assignment1_hardik.exe
h:\game3111_advanced graphics programming\game3111_a1_hardik\assignment1_hardik\x64\debug\assignment1_hardik.ilk
h:\game3111_advanced graphics programming\game3111_a1_hardik\assignment1_hardik\assignment1_hardik\x64\debug\assignme.3ed437b6.tlog\cl.command.1.tlog
h:\game3111_advanced graphics programming\game3111_a1_hardik\assignment1_hardik\assignment1_hardik\x64\debug\assignme.3ed437b6.tlog\cl.read.1.tlog
h:\game3111_advanced graphics programming\game3111_a1_hardik\assignment1_hardik\assignment1_hardik\x64\debug\assignme.3ed437b6.tlog\cl.write.1.tlog
h:\game3111_advanced graphics programming\game3111_a1_hardik\assignment1_hardik\assignment1_hardik\x64\debug\assignme.3ed437b6.tlog\link.command.1.tlog
h:\game3111_advanced graphics programming\game3111_a1_hardik\assignment1_hardik\assignment1_hardik\x64\debug\assignme.3ed437b6.tlog\link.read.1.tlog
h:\game3111_advanced graphics programming\game3111_a1_hardik\assignment1_hardik\assignment1_hardik\x64\debug\assignme.3ed437b6.tlog\link.write.1.tlog
